<project xmlns="http://maven.apache.org/POM/4.0.0" xmlns:xsi="http://www.w3.org/2001/XMLSchema-instance"
	xsi:schemaLocation="http://maven.apache.org/POM/4.0.0 http://maven.apache.org/maven-v4_0_0.xsd">
	<modelVersion>4.0.0</modelVersion>

	<groupId>test</groupId>
	<artifactId>test</artifactId>
	<version>1.0.0-SNAPSHOT</version>

	<dependencies>
		<dependency>
			<groupId>com.odcgroup.mdf.jpa.generator.ocs-gen-unit</groupId>
			<artifactId>mdf-jpa-generation-integration-models</artifactId>
			<version>1.41.0-SNAPSHOT</version>
		</dependency>
	</dependencies>
		<repositories>
			<repository>
				<id>odyssey-group.com</id>
				<name>Odyssey Maven Repository</name>
				<releases><enabled>true</enabled></releases>
				<snapshots><enabled>true</enabled></snapshots>
				<url>http://maven.oams.com/content/groups/odyssey</url>
			</repository>
		</repositories>
</project>
