<?xml version="1.0" encoding="UTF-8"?>
	<wf:config xmlns:wf="http://www.odcgroup.com/wui-workflow" xmlns:xsi="http://www.w3.org/2001/XMLSchema-instance" xsi:schemaLocation="http://www.odcgroup.com/wui-workflow wui-workflow.xsd">
	<!-- 
		*************************************************************************************
																DO NOT MODIFY THIS FILE!

		This file has been generated automatically by Design Studio. 
		Any change will be lost when regenerated.
		*************************************************************************************
										Design Studio information of  pageflow file
										
		Project name     : pms-models
		Package          : //subpageflowtests
		Generation user  : atr
		Generation date  : Fri Aug 17 15:38:13 CEST 2012
		DS version       :  
		*************************************************************************************
	 -->
	
		
	<!-- 
		*****************************************************
		Design Studio information of pageflow model
		Model name       : Test
		Description      : 
		******************************************************
    -->	
    
	<!-- 
		*************************************
		Test workflow
		*************************************
    -->

	<wf:workflow name="Test" graph="TestGraph">
	    <!-- declaration of the used panels -->
	    <wf:property name="DSEntity" value="AAADSExtOperation:ExtOperationAll"/>
		<wf:abort-view url-redirector-class-name="com.odcgroup.uif.workflow.ConfigurableURLRedirector"/>
		<wf:error-view url="/page/common/OneModule?module=general/PageflowErrorModule"/>
		<wf:view state-key="SubPageflowState0.Load" url="/loadqiuerypage/test"/>		
		<wf:view state-key="SubPageflowState0.Save" url="/test/test/test"/>		
		<wf:view state-key="SubPageflowState0.Search" url="/TEST/url"/>		
		<wf:view state-key="EndState0" url="/wui/exit"/>
	</wf:workflow>

	    
	<!--
		*************************************
		Test graph
		*************************************
	-->
	
	<wf:graph name="TestGraph">
		<!-- ============================== -->	
	    <!-- declaration of the used states -->
	    <!-- ============================== -->
	    <wf:state key="EndState0" is-terminal="true"/>
	    <wf:state key="SubPageflowState0.Load"/>
	    <wf:state key="SubPageflowState0.Save"/>
	    <wf:state key="SubPageflowState0.Search"/>
    
    	<!-- ============================== -->
        <!-- declaration of init transition -->
        <!-- ============================== -->
        <wf:init-transition name="init" to-redirector="true">        
	      	<wf:process class-name="com.odcgroup.wui.module.cdm.logicsheet.managers.processes.Assign">
		      	<wf:property name="cv" value="cv"/>
	      	</wf:process>
	      	<wf:process class-name="com.odcgroup.tsl.wui.search.process.SearchProcess"/>
	      	<wf:process class-name="com.odcgroup.tsl.core.wui.process.ResetTabViewProcess">
		      	<wf:property name="DSTabIds" value="instrumentTabView"/>
	      	</wf:process>
  			<wf:process class-name="com.odcgroup.tsl.wui.search.process.NumberOfHitProcess"/>
			<wf:redirector>
   				<wf:result state="SubPageflowState0.Search" value="0" />
 				<wf:result value="1">
 					<wf:transition to-state="EndState0" name="1">
					      	<wf:process class-name="com.odcgroup.tsl.wui.search.process.AutoSelectProcess"/>
					      	<wf:process class-name="com.odcgroup.tsl.fc.wui.process.CompleteEntityProcess">
						      	<wf:property name="fxMarginP" value="10"/>
					      	</wf:process>
 					</wf:transition>
 				</wf:result>
			</wf:redirector>
        </wf:init-transition>
        <!-- ============================== -->
        <!-- declaration of the transitions -->
        <!-- ============================== -->
        <wf:transition name="cancel" from-state="SubPageflowState0.Load" to-state="SubPageflowState0.Search"/>        
        <wf:transition name="cancel" from-state="SubPageflowState0.Save" to-state="SubPageflowState0.Search"/>        
        <wf:transition name="cancel" from-state="SubPageflowState0.Search" to-state="EndState0"/>        
        <wf:transition name="changeTab" from-state="SubPageflowState0.Load" to-state="SubPageflowState0.Load">
	      	<wf:process class-name="com.odcgroup.tsl.core.wui.process.ApplyFilterProcess"/>
        </wf:transition>
        <wf:transition name="changeTab" from-state="SubPageflowState0.Search" to-state="SubPageflowState0.Search">
	      	<wf:process class-name="com.odcgroup.tsl.wui.search.process.ChangeTabProcess"/>
        </wf:transition>
        <wf:transition name="delete" from-state="SubPageflowState0.Load" to-state="SubPageflowState0.Load">
	      	<wf:process class-name="com.odcgroup.tsl.wui.search.process.DeleteQueryProcess">
		      	<wf:property name="DSEntity" value="AAADSList:Query"/>
	      	</wf:process>
	      	<wf:process class-name="com.odcgroup.tsl.core.wui.process.RefreshDelegatingTableModelProcess">
		      	<wf:property name="DSEntity" value="AAADSList:ListList"/>
	      	</wf:process>
        </wf:transition>
        <wf:transition name="execute" from-state="SubPageflowState0.Search" to-state="SubPageflowState0.Search">
	      	<wf:process class-name="com.odcgroup.tsl.wui.search.process.QueryBuilderSearchProcess"/>
        </wf:transition>
        <wf:transition name="openLoad" from-state="SubPageflowState0.Search" to-state="SubPageflowState0.Load">
	      	<wf:process class-name="com.odcgroup.tsl.wui.search.process.SearchProcess">
		      	<wf:property name="Query.fs.targetDS" value="AAADSList:ListList"/>
		      	<wf:property name="Query.DSOutput" value="AAADSList:ListList"/>
		      	<wf:property name="Query.fs.f1.attribute" value="natureE"/>
		      	<wf:property name="Query.fs.f1.op" value="EQUAL"/>
		      	<wf:property name="Query.fs.f1.value1" value="6"/>
		      	<wf:property name="Query.fs.f2.attribute" value="queryDefinition"/>
		      	<wf:property name="Query.fs.f2.op" value="CONTAINS"/>
		      	<wf:property name="Query.fs.f2.value1" value="#aaa-search.session:OutputDataset"/>
		      	<wf:property name="Query.fs.f3.attribute" value="queryDefinition"/>
		      	<wf:property name="Query.fs.f3.op" value="CONTAINS"/>
		      	<wf:property name="Query.fs.f3.value1" value="#aaa-search.session:CriteriaDataSet"/>
		      	<wf:property name="Query.fs.level" value="1"/>
		      	<wf:property name="Query.sessionKey" value="aaa-search.sessionTmp"/>
		      	<wf:property name="Query.fs.f4.attribute" value="code"/>
		      	<wf:property name="Query.fs.f4.op" value="BEGINS_WITH"/>
		      	<wf:property name="Query.fs.f4.value1" value="Query_"/>
		      	<wf:property name="Query.fsu.level" value="2"/>
		      	<wf:property name="Query.fsu.f1.attribute" value="userCode"/>
		      	<wf:property name="Query.fsu.f1.op" value="EQUAL"/>
		      	<wf:property name="Query.fsu.f1.value1" value="$CURRENT_USER_CODE"/>
		      	<wf:property name="Query.fsu.targetDS" value="AAADSList:ListList"/>
	      	</wf:process>
        </wf:transition>
        <wf:transition name="reload" from-state="SubPageflowState0.Search" to-state="SubPageflowState0.Search"/>        
        <wf:transition name="save" from-state="SubPageflowState0.Save" to-state="SubPageflowState0.Search">
	      	<wf:process class-name="com.odcgroup.tsl.wui.search.process.SaveQueryProcess">
		      	<wf:property name="DSReporterMinLevel" value="ERROR"/>
	      	</wf:process>
        </wf:transition>
        <wf:transition name="saveAs" from-state="SubPageflowState0.Search" to-state="SubPageflowState0.Save">
	      	<wf:process class-name="com.odcgroup.tsl.wui.search.process.CreateQueryProcess">
		      	<wf:property name="DSCopy" value="true"/>
	      	</wf:process>
        </wf:transition>
        <wf:transition name="select" from-state="SubPageflowState0.Search" to-state="EndState0">
	      	<wf:process class-name="com.odcgroup.tsl.wui.search.process.SelectProcess"/>
	      	<wf:process class-name="com.odcgroup.tsl.fc.wui.process.CompleteEntityProcess">
		      	<wf:property name="fxMarginP" value="10"/>
	      	</wf:process>
        </wf:transition>
        <wf:transition name="selectQuery" from-state="SubPageflowState0.Load" to-state="SubPageflowState0.Search">
	      	<wf:process class-name="com.odcgroup.tsl.wui.search.process.LoadQueryProcess"/>
        </wf:transition>
        <wf:transition name="update" from-state="SubPageflowState0.Search" to-state="SubPageflowState0.Save">
	      	<wf:process class-name="com.odcgroup.tsl.wui.search.process.CreateQueryProcess"/>
        </wf:transition>
	</wf:graph>


	</wf:config>
	