<?xml version="1.0" encoding="UTF-8"?>
<project name="com.odcgroup.aaa.connector.tests" default="test" basedir=".">

	<property name="plugins.dir" value="${eds.home}/plugins" />
	<property name="workspace.dir" value="${basedir}/.." />
	<property name="bytecode.dir" value="${basedir}/target/test-classes" />
	<property name="base.bytecode.dir" value="${workspace.dir}/com.odcgroup.aaa.connector/target/classes" />
	<property name="junit.dir" value="${eds.home}/plugins/org.junit4_4.3.1" />

	<property name="test.results" value="${basedir}" />

	<echo message="workspace.dir = ${workspace.dir}" />
	<echo message="plugins.dir = ${plugins.dir}" />

	<target name="test" description="Runs JUnit4 tests">
		<path id="cp">
			<pathelement location="${bytecode.dir}" />
			<pathelement location="${basedir}/src/test/resources" />

			<pathelement location="${base.bytecode.dir}" />
			<pathelement location="${workspace.dir}/com.odcgroup.aaa.connector/src/main/resources" />

			<pathelement path="${basedir}/lib/jpa-impl-tests.jar" />
			<pathelement path="${basedir}/lib/spring-2.5.6.jar" />

			<pathelement path="${workspace.dir}/com.odcgroup.aaa.connector/lib/jconn3.jar" />
			<pathelement path="${workspace.dir}/com.odcgroup.aaa.connector/lib/jpa-api.jar" />
			<pathelement path="${workspace.dir}/com.odcgroup.aaa.connector/lib/jpa-impl.jar" />
			<pathelement path="${workspace.dir}/com.odcgroup.apache.openjpa/lib/openjpa-1.2.2.jar" />
			<pathelement path="${workspace.dir}/com.odcgroup.apache.openjpa/lib/geronimo-jms_1.1_spec-1.0.1.jar" />
			<pathelement path="${workspace.dir}/com.odcgroup.apache.openjpa/lib/geronimo-jpa_3.0_spec-1.0.jar" />
			<pathelement path="${workspace.dir}/com.odcgroup.apache.openjpa/lib/geronimo-jta_1.1_spec-1.1.jar" />
			<pathelement path="${workspace.dir}/com.odcgroup.apache.openjpa/lib/serp-1.13.1.jar" />
			<pathelement path="${workspace.dir}/com.odcgroup.mdf/ipa-extension.jar" />
			<pathelement path="${workspace.dir}/com.odcgroup.mdf/lib/otf-core.jar" />
			<pathelement path="${workspace.dir}/com.odcgroup.mdf/lib/mdf.jar" />
			<pathelement path="${workspace.dir}/com.odcgroup.mdf/jxl.jar" />
			<pathelement path="${workspace.dir}/com.odcgroup.mdf/backport-util-concurrent.jar" />

			<pathelement path="${plugins.dir}/org.apache.commons.collections_3.2.0.200709141626.jar" />
			<pathelement path="${plugins.dir}/org.apache.commons.lang_2.3.0.v200803061910.jar" />
			<pathelement path="${plugins.dir}/org.apache.commons.logging_1.0.4.v20080605-1930.jar" />
			<pathelement path="${plugins.dir}/org.apache.xerces_2.9.0.v200805270400.jar" />
			<pathelement path="${plugins.dir}/javax.xml_1.3.4.v200806030440.jar" />
			<pathelement path="${plugins.dir}/org.jdom_0.9.0.200709141626.jar" />
			<pathelement path="${plugins.dir}/org.apache.xml.resolver_1.2.0.v200806030312.jar" />
			<pathelement path="${plugins.dir}/org.apache.xml.serializer_2.7.1.v200806030322.jar" />
			<pathelement path="${plugins.dir}/org.apache.log4j_1.2.13.v200706111418.jar" />

			<pathelement path="${junit.dir}/junit.jar" />

		</path>

		<junit fork="true" printsummary="yes" haltonfailure="yes">
			<jvmarg value="-Xmx256m"/>
			<classpath refid="cp" />

			<formatter type="xml" />
			<batchtest haltonfailure="no" todir="${test.results}">
				<fileset dir="src/test/java">
					<include name="**/*Test*.java" />
				</fileset>
			</batchtest>
		</junit>

	</target>
</project>
